<?xml version="1.0" encoding="utf-8"?><testsuites name="pytest tests"><testsuite name="pytest" errors="0" failures="0" skipped="0" tests="93" time="2.385" timestamp="2026-06-08T22:17:37.771393+00:00" hostname="agent-env-1e4327a8-5c48-4b68-8464-a9db2d686b3d"><testcase classname="test_ingest_atmosphere" name="test_select_wind_forecast_prefers_meteo_france_arome" time="0.000" /><testcase classname="test_ingest_atmosphere" name="test_select_wind_forecast_falls_back_to_aemet_then_ecmwf" time="0.000" /><testcase classname="test_ingest_atmosphere" name="test_select_wind_forecast_returns_unavailable_lineage_when_all_fail" time="0.000" /><testcase classname="test_ingest_atmosphere" name="test_lineage_for_active_arome_wind_result" time="0.000" /><testcase classname="test_grid_blender" name="test_blend_wind_and_ocean_interpolates_ocean_to_wind_grid" time="0.403" /><testcase classname="test_grid_blender" name="test_blender_normalizes_lat_lon_coordinate_names" time="0.003" /><testcase classname="test_fetchers" name="test_meteo_france_fetcher_raises_without_api_key" time="0.001" /><testcase classname="test_fetchers" name="test_meteo_france_fetcher_dry_run_returns_available" time="0.001" /><testcase classname="test_fetchers" name="test_meteo_france_make_fetcher_integrates_with_tier_selector" time="0.000" /><testcase classname="test_fetchers" name="test_aemet_fetcher_raises_without_api_key" time="0.000" /><testcase classname="test_fetchers" name="test_aemet_fetcher_dry_run_returns_available" time="0.000" /><testcase classname="test_fetchers" name="test_aemet_make_fetcher_integrates_with_tier_selector" time="0.000" /><testcase classname="test_fetchers" name="test_ecmwf_fetcher_dry_run_returns_available" time="0.001" /><testcase classname="test_fetchers" name="test_ecmwf_make_fetcher_integrates_with_tier_selector" time="0.000" /><testcase classname="test_fetchers" name="test_build_fetchers_includes_ecmwf_by_default" time="0.000" /><testcase classname="test_fetchers" name="test_build_fetchers_includes_all_when_keys_present" time="0.000" /><testcase classname="test_fetchers" name="test_full_tier_fallback_to_ecmwf_when_no_credentials" time="0.000" /><testcase classname="test_fetchers" name="test_full_tier_selects_arome_when_key_present" time="0.000" /><testcase classname="test_fetchers" name="test_ecmwf_provider_resolution_is_9km" time="0.000" /><testcase classname="test_puertos_estado" name="test_balearic_stations_configured" time="0.000" /><testcase classname="test_puertos_estado" name="test_normalize_observation_handles_wave_height" time="0.000" /><testcase classname="test_puertos_estado" name="test_normalize_observation_handles_missing_data" time="0.000" /><testcase classname="test_puertos_estado" name="test_normalize_observation_handles_none" time="0.000" /><testcase classname="test_puertos_estado" name="test_fetch_balearic_observations_dry_run" time="0.000" /><testcase classname="test_puertos_estado" name="test_lineage_for_dry_run_observations" time="0.000" /><testcase classname="test_puertos_estado" name="test_safe_float_handles_various_inputs" time="0.000" /><testcase classname="test_puertos_estado" name="test_normalize_timestamp_formats" time="0.001" /><testcase classname="test_ingest_observations" name="test_fetch_all_observations_includes_socib" time="0.528" /><testcase classname="test_ingest_observations" name="test_puertos_disabled_by_default" time="0.000" /><testcase classname="test_ingest_observations" name="test_puertos_enabled_by_env_var" time="0.000" /><testcase classname="test_ingest_observations" name="test_ground_truth_lineage_with_both_sources" time="0.000" /><testcase classname="test_ingest_observations" name="test_ground_truth_lineage_socib_only" time="0.000" /><testcase classname="test_ingest_observations" name="test_ground_truth_lineage_empty" time="0.000" /><testcase classname="test_wind_loader" name="test_normalize_wind_variables_renames_ecmwf_style" time="0.001" /><testcase classname="test_wind_loader" name="test_normalize_wind_variables_keeps_standard_names" time="0.000" /><testcase classname="test_wind_loader" name="test_normalize_renames_lat_lon_coords" time="0.001" /><testcase classname="test_wind_loader" name="test_compute_wind_speed" time="0.001" /><testcase classname="test_wind_loader" name="test_compute_wind_direction" time="0.002" /><testcase classname="test_pipeline" name="test_pipeline_generates_run_id" time="0.000" /><testcase classname="test_pipeline" name="test_step_atmospheric_skipped" time="0.000" /><testcase classname="test_pipeline" name="test_step_atmospheric_dry_run_uses_ecmwf" time="0.001" /><testcase classname="test_pipeline" name="test_step_observations_dry_run" time="0.531" /><testcase classname="test_pipeline" name="test_step_build_snapshot_attaches_lineage" time="0.000" /><testcase classname="test_pipeline" name="test_evidence_package_preserves_pipeline_lineage" time="0.001" /><testcase classname="test_evidence_package" name="test_build_route_evidence_package_has_decision_ready_structure" time="0.000" /><testcase classname="test_evidence_package" name="test_build_route_evidence_package_preserves_existing_lineage" time="0.000" /><testcase classname="test_evidence_package" name="test_write_outputs_writes_evidence_json_beside_daily_snapshot" time="0.001" /><testcase classname="test_evidence_package" name="test_evidence_store_prefers_evidence_decision_context_over_daily_snapshot" time="0.001" /><testcase classname="test_decision_engine" name="test_answer_uses_captain_knowledge_and_worst_segment" time="0.001" /><testcase classname="test_decision_engine" name="test_tomorrow_answer_does_not_call_restricted_small_vessel_workable" time="0.000" /><testcase classname="test_decision_engine" name="test_today_departure_window_prefers_daylight_over_lowest_night_sample" time="0.000" /><testcase classname="test_decision_engine" name="test_arome_lineage_adds_high_resolution_wind_context" time="0.000" /><testcase classname="test_decision_engine" name="test_ecmwf_fallback_lineage_softens_coastal_specificity" time="0.000" /><testcase classname="test_forecast_sources" name="test_configured_forecast_sources_default_to_copernicus_only" time="0.000" /><testcase classname="test_forecast_sources" name="test_configured_forecast_sources_can_opt_into_socib_models" time="0.000" /><testcase classname="test_forecast_sources" name="test_source_output_dir_uses_existing_socib_folder_name" time="0.000" /><testcase classname="test_route_analysis" name="test_summarize_route_point_series_adds_operational_segments" time="0.000" /><testcase classname="test_route_analysis" name="test_summarize_route_point_series_adds_segment_hourly_evidence" time="0.000" /><testcase classname="test_route_analysis" name="test_build_passage_evidence_samples_segments_by_eta" time="0.000" /><testcase classname="test_route_analysis" name="test_build_passage_evidence_filters_passed_segments_from_current_position" time="0.000" /><testcase classname="test_route_analysis" name="test_build_passage_evidence_marks_far_position_off_route_without_filtering" time="0.000" /><testcase classname="test_route_analysis" name="test_closest_hourly_sample_does_not_treat_midnight_as_eta" time="0.000" /><testcase classname="test_route_analysis" name="test_build_route_snapshot_embeds_passage_evidence_when_segments_exist" time="0.000" /><testcase classname="test_route_analysis" name="test_build_passage_evidence_falls_back_to_segment_summary_without_hourly" time="0.000" /><testcase classname="test_api_app" name="test_routes_endpoint_lists_routes_from_prediction_artifacts" time="0.009" /><testcase classname="test_api_app" name="test_local_store_uses_latest_run_folder_when_available" time="0.001" /><testcase classname="test_api_app" name="test_routes_endpoint_accepts_specific_run_id" time="0.008" /><testcase classname="test_api_app" name="test_question_endpoint_answers_from_stored_evidence" time="0.010" /><testcase classname="test_api_app" name="test_question_endpoint_reports_passage_evidence_availability" time="0.010" /><testcase classname="test_api_app" name="test_question_endpoint_refreshes_stale_passage_evidence_from_route_segments" time="0.008" /><testcase classname="test_api_app" name="test_question_endpoint_uses_requested_departure_time_and_priority_for_passage_evidence" time="0.010" /><testcase classname="test_api_app" name="test_question_endpoint_uses_current_position_for_remaining_passage_evidence" time="0.009" /><testcase classname="test_api_app" name="test_question_endpoint_warns_when_current_position_is_far_from_route" time="0.008" /><testcase classname="test_api_app" name="test_location_question_endpoint_answers_anchor_question_from_map_grids" time="0.009" /><testcase classname="test_api_app" name="test_location_question_endpoint_marks_outside_forecast_domain" time="0.009" /><testcase classname="test_api_app" name="test_question_endpoint_flags_last_night_evidence_and_avoids_repeated_window_copy" time="0.008" /><testcase classname="test_api_app" name="test_question_endpoint_filters_tomorrow_question_to_tomorrow_hourly_rows" time="0.009" /><testcase classname="test_api_app" name="test_question_endpoint_leave_window_tomorrow_does_not_use_late_today_message" time="0.008" /><testcase classname="test_api_app" name="test_briefing_endpoint_renders_text_from_stored_evidence" time="0.007" /><testcase classname="test_api_app" name="test_artifact_endpoint_serves_latest_route_map" time="0.007" /><testcase classname="test_api_app" name="test_artifact_endpoint_rejects_non_public_artifacts" time="0.009" /><testcase classname="test_api_app" name="test_gcs_evidence_store_reads_latest_snapshot_from_bucket" time="0.001" /><testcase classname="test_api_app" name="test_gcs_evidence_store_reads_latest_run_from_bucket" time="0.000" /><testcase classname="test_api_app" name="test_media_endpoint_returns_api_and_signed_urls_for_route_artifacts" time="0.007" /><testcase classname="test_api_app" name="test_maps_endpoint_returns_leaflet_overlay_contract" time="0.008" /><testcase classname="test_api_app" name="test_maps_endpoint_serves_wave_partition_overlay_contract" time="0.008" /><testcase classname="test_api_app" name="test_map_overlay_endpoint_serves_overlay_png" time="0.007" /><testcase classname="test_api_app" name="test_map_overlay_endpoint_serves_wave_partition_png" time="0.007" /><testcase classname="test_api_app" name="test_map_inspect_endpoint_samples_nearest_grid_point" time="0.008" /><testcase classname="test_api_app" name="test_media_endpoint_download_url_falls_back_to_api_url_for_local_store" time="0.009" /><testcase classname="test_api_app" name="test_health_reports_gcs_backend_when_gcs_store_is_injected" time="0.007" /><testcase classname="test_socib_thredds" name="test_with_retries_recovers_from_transient_oserror" time="0.000" /><testcase classname="test_socib_thredds" name="test_with_retries_raises_last_error_after_attempts" time="0.000" /></testsuite></testsuites>